2020-03-22 15:06:44: == Sync Started by User Command
2020-03-22 15:06:44: Delete File 'L:/Websites/MBP backup/artwork.html'
2020-03-22 15:06:44: Delete File 'L:/Websites/MBP backup/img/books/uandf.jpg'
2020-03-22 15:06:44: Delete File 'L:/Websites/MBP backup/img/header/BloodandSmoke.jpg'
2020-03-22 15:06:44: Delete File 'L:/Websites/MBP backup/img/header/disturbing.jpg'
2020-03-22 15:06:44: Delete File 'L:/Websites/MBP backup/img/header/dracula.jpg'
2020-03-22 15:06:44: Delete File 'L:/Websites/MBP backup/img/header/HoM.jpg'
2020-03-22 15:06:44: Delete File 'L:/Websites/MBP backup/img/header/lovecraft.jpg'
2020-03-22 15:06:44: Delete File 'L:/Websites/MBP backup/img/header/lovecraft.webp'
2020-03-22 15:06:44: Delete File 'L:/Websites/MBP backup/img/header/plague.jpg'
2020-03-22 15:06:44: Delete File 'L:/Websites/MBP backup/img/header/sleepless.jpg'
2020-03-22 15:06:44: Delete File 'L:/Websites/MBP backup/img/header/uandf.jpg'
2020-03-22 15:06:44: Delete File 'L:/Websites/MBP backup/img/header/underground.jpg'
2020-03-22 15:06:44: Delete File 'L:/Websites/MBP backup/js/w3.js'
2020-03-22 15:06:44: Create Folder 'L:/Websites/MBP backup/img/covers'
2020-03-22 15:06:44: Copy New 'L:/Websites/MBP Current/after-the-plague.html' -> 'L:/Websites/MBP backup/after-the-plague.html' (12,808)
2020-03-22 15:06:44: Copy New 'L:/Websites/MBP Current/artwork-page-1.html' -> 'L:/Websites/MBP backup/artwork-page-1.html' (12,452)
2020-03-22 15:06:44: Copy New 'L:/Websites/MBP Current/artwork-page-2.html' -> 'L:/Websites/MBP backup/artwork-page-2.html' (12,189)
2020-03-22 15:06:44: Copy New 'L:/Websites/MBP Current/artwork-page-3.html' -> 'L:/Websites/MBP backup/artwork-page-3.html' (12,405)
2020-03-22 15:06:44: Copy Over 'L:/Websites/MBP Current/blood-and-smoke.html' -> 'L:/Websites/MBP backup/blood-and-smoke.html' (15,541)
2020-03-22 15:06:44: Copy New 'L:/Websites/MBP Current/css/lightbox.css' -> 'L:/Websites/MBP backup/css/lightbox.css' (1,280)
2020-03-22 15:06:44: Copy New 'L:/Websites/MBP Current/css/pagination.css' -> 'L:/Websites/MBP backup/css/pagination.css' (1,576)
2020-03-22 15:06:45: Copy Over 'L:/Websites/MBP Current/css/style.css' -> 'L:/Websites/MBP backup/css/style.css' (26,836)
2020-03-22 15:06:45: Copy New 'L:/Websites/MBP Current/disturbing-the-devil.html' -> 'L:/Websites/MBP backup/disturbing-the-devil.html' (13,820)
2020-03-22 15:06:45: Copy New 'L:/Websites/MBP Current/dracula.html' -> 'L:/Websites/MBP backup/dracula.html' (12,526)
2020-03-22 15:06:45: Copy Over 'L:/Websites/MBP Current/hall-of-mirrors.html' -> 'L:/Websites/MBP backup/hall-of-mirrors.html' (14,647)
2020-03-22 15:06:45: Copy New 'L:/Websites/MBP Current/icons/audible.png' -> 'L:/Websites/MBP backup/icons/audible.png' (3,612)
2020-03-22 15:06:45: Copy New 'L:/Websites/MBP Current/icons/libsyn.png' -> 'L:/Websites/MBP backup/icons/libsyn.png' (6,524)
2020-03-22 15:06:45: Copy New 'L:/Websites/MBP Current/icons/stitcher.png' -> 'L:/Websites/MBP backup/icons/stitcher.png' (4,533)
2020-03-22 15:06:45: Copy New 'L:/Websites/MBP Current/img/artwork/BjarneSvoldgaardNielsen1.webp' -> 'L:/Websites/MBP backup/img/artwork/BjarneSvoldgaardNielsen1.webp' (10,646)
2020-03-22 15:06:45: Copy New 'L:/Websites/MBP Current/img/artwork/BjarneSvoldgaardNielsen2.webp' -> 'L:/Websites/MBP backup/img/artwork/BjarneSvoldgaardNielsen2.webp' (11,016)
2020-03-22 15:06:45: Copy New 'L:/Websites/MBP Current/img/artwork/CarlosArellanoLydia.jpg' -> 'L:/Websites/MBP backup/img/artwork/CarlosArellanoLydia.jpg' (92,444)
2020-03-22 15:06:45: Copy New 'L:/Websites/MBP Current/img/artwork/CarlosArellanoLydia.webp' -> 'L:/Websites/MBP backup/img/artwork/CarlosArellanoLydia.webp' (36,944)
2020-03-22 15:06:45: Copy New 'L:/Websites/MBP Current/img/artwork/david_flinch_cursed_or_blessed_by_paulthewatchman.jpg' -> 'L:/Websites/MBP backup/img/artwork/david_flinch_cursed_or_blessed_by_paulthewatchman.jpg' (58,204)
2020-03-22 15:06:45: Copy New 'L:/Websites/MBP Current/img/artwork/david_flinch_cursed_or_blessed_by_paulthewatchman.webp' -> 'L:/Websites/MBP backup/img/artwork/david_flinch_cursed_or_blessed_by_paulthewatchman.webp' (15,304)
2020-03-22 15:06:45: Copy New 'L:/Websites/MBP Current/img/artwork/Dusty-by-Amanda-Whipp.jpg' -> 'L:/Websites/MBP backup/img/artwork/Dusty-by-Amanda-Whipp.jpg' (89,459)
2020-03-22 15:06:45: Copy New 'L:/Websites/MBP Current/img/artwork/Dusty-by-Amanda-Whipp.webp' -> 'L:/Websites/MBP backup/img/artwork/Dusty-by-Amanda-Whipp.webp' (52,758)
2020-03-22 15:06:45: Copy New 'L:/Websites/MBP Current/img/artwork/HoM-devil.jpg' -> 'L:/Websites/MBP backup/img/artwork/HoM-devil.jpg' (42,104)
2020-03-22 15:06:45: Copy New 'L:/Websites/MBP Current/img/artwork/HoM-devil.webp' -> 'L:/Websites/MBP backup/img/artwork/HoM-devil.webp' (18,574)
2020-03-22 15:06:45: Copy New 'L:/Websites/MBP Current/img/artwork/JocelineMFranco.webp' -> 'L:/Websites/MBP backup/img/artwork/JocelineMFranco.webp' (13,960)
2020-03-22 15:06:45: Copy New 'L:/Websites/MBP Current/img/artwork/Night-Crossing-GN-b- Amanda-Whipp.jpg' -> 'L:/Websites/MBP backup/img/artwork/Night-Crossing-GN-b- Amanda-Whipp.jpg' (54,012)
2020-03-22 15:06:45: Copy New 'L:/Websites/MBP Current/img/artwork/Night-Crossing-GN-b- Amanda-Whipp.webp' -> 'L:/Websites/MBP backup/img/artwork/Night-Crossing-GN-b- Amanda-Whipp.webp' (28,686)
2020-03-22 15:06:45: Copy New 'L:/Websites/MBP Current/img/artwork/reanimator.jpg' -> 'L:/Websites/MBP backup/img/artwork/reanimator.jpg' (63,654)
2020-03-22 15:06:45: Copy New 'L:/Websites/MBP Current/img/artwork/reanimator.webp' -> 'L:/Websites/MBP backup/img/artwork/reanimator.webp' (29,228)
2020-03-22 15:06:45: Copy New 'L:/Websites/MBP Current/img/artwork/reanimator2.jpg' -> 'L:/Websites/MBP backup/img/artwork/reanimator2.jpg' (52,994)
2020-03-22 15:06:45: Copy New 'L:/Websites/MBP Current/img/artwork/reanimator2.webp' -> 'L:/Websites/MBP backup/img/artwork/reanimator2.webp' (23,084)
2020-03-22 15:06:46: Copy New 'L:/Websites/MBP Current/img/artwork/Underwood-by-Amanda-Whipp.jpg' -> 'L:/Websites/MBP backup/img/artwork/Underwood-by-Amanda-Whipp.jpg' (105,927)
2020-03-22 15:06:46: Copy New 'L:/Websites/MBP Current/img/artwork/Underwood-by-Amanda-Whipp.webp' -> 'L:/Websites/MBP backup/img/artwork/Underwood-by-Amanda-Whipp.webp' (61,808)
2020-03-22 15:06:46: Copy New 'L:/Websites/MBP Current/img/artwork/underwood_flinch_flinch_underwood_2_by_paulthewatchman.jpg' -> 'L:/Websites/MBP backup/img/artwork/underwood_flinch_flinch_underwood_2_by_paulthewatchman.jpg' (75,612)
2020-03-22 15:06:46: Copy New 'L:/Websites/MBP Current/img/artwork/underwood_flinch_flinch_underwood_2_by_paulthewatchman.webp' -> 'L:/Websites/MBP backup/img/artwork/underwood_flinch_flinch_underwood_2_by_paulthewatchman.webp' (34,358)
2020-03-22 15:06:46: Copy New 'L:/Websites/MBP Current/img/books/after-the-plague.jpg' -> 'L:/Websites/MBP backup/img/books/after-the-plague.jpg' (15,730)
2020-03-22 15:06:46: Copy Over 'L:/Websites/MBP Current/img/books/blood.jpg' -> 'L:/Websites/MBP backup/img/books/blood.jpg' (19,300)
2020-03-22 15:06:46: Copy New 'L:/Websites/MBP Current/img/books/blood.webp' -> 'L:/Websites/MBP backup/img/books/blood.webp' (10,272)
2020-03-22 15:06:46: Copy Over 'L:/Websites/MBP Current/img/books/disturbing.jpg' -> 'L:/Websites/MBP backup/img/books/disturbing.jpg' (24,905)
2020-03-22 15:06:46: Copy New 'L:/Websites/MBP Current/img/books/disturbing.webp' -> 'L:/Websites/MBP backup/img/books/disturbing.webp' (17,046)
2020-03-22 15:06:46: Copy New 'L:/Websites/MBP Current/img/books/dracula.jpg' -> 'L:/Websites/MBP backup/img/books/dracula.jpg' (8,665)
2020-03-22 15:06:46: Copy New 'L:/Websites/MBP Current/img/books/hall-of-mirrors.jpg' -> 'L:/Websites/MBP backup/img/books/hall-of-mirrors.jpg' (19,411)
2020-03-22 15:06:46: Copy New 'L:/Websites/MBP Current/img/books/sleepless.jpg' -> 'L:/Websites/MBP backup/img/books/sleepless.jpg' (16,430)
2020-03-22 15:06:46: Copy New 'L:/Websites/MBP Current/img/books/sleepless.webp' -> 'L:/Websites/MBP backup/img/books/sleepless.webp' (7,034)
2020-03-22 15:06:46: Copy Over 'L:/Websites/MBP Current/img/books/underground.jpg' -> 'L:/Websites/MBP backup/img/books/underground.jpg' (17,657)
2020-03-22 15:06:46: Copy New 'L:/Websites/MBP Current/img/books/underground.webp' -> 'L:/Websites/MBP backup/img/books/underground.webp' (7,926)
2020-03-22 15:06:46: Copy New 'L:/Websites/MBP Current/img/books/underwood.jpg' -> 'L:/Websites/MBP backup/img/books/underwood.jpg' (22,611)
2020-03-22 15:06:46: Copy New 'L:/Websites/MBP Current/img/books/underwood.webp' -> 'L:/Websites/MBP backup/img/books/underwood.webp' (13,644)
2020-03-22 15:06:46: Copy New 'L:/Websites/MBP Current/img/covers/blood.jpg' -> 'L:/Websites/MBP backup/img/covers/blood.jpg' (34,360)
2020-03-22 15:06:46: Copy New 'L:/Websites/MBP Current/img/covers/disturbing.jpg' -> 'L:/Websites/MBP backup/img/covers/disturbing.jpg' (29,429)
2020-03-22 15:06:46: Copy New 'L:/Websites/MBP Current/img/covers/dracula.jpg' -> 'L:/Websites/MBP backup/img/covers/dracula.jpg' (11,548)
2020-03-22 15:06:46: Copy New 'L:/Websites/MBP Current/img/covers/lovecraft.jpg' -> 'L:/Websites/MBP backup/img/covers/lovecraft.jpg' (33,587)
2020-03-22 15:06:46: Copy New 'L:/Websites/MBP Current/img/covers/lovecraft.webp' -> 'L:/Websites/MBP backup/img/covers/lovecraft.webp' (39,734)
2020-03-22 15:06:46: Copy New 'L:/Websites/MBP Current/img/covers/mike.jpg' -> 'L:/Websites/MBP backup/img/covers/mike.jpg' (20,302)
2020-03-22 15:06:47: Copy New 'L:/Websites/MBP Current/img/covers/mike.webp' -> 'L:/Websites/MBP backup/img/covers/mike.webp' (15,344)
2020-03-22 15:06:47: Copy New 'L:/Websites/MBP Current/img/covers/mirrors.jpg' -> 'L:/Websites/MBP backup/img/covers/mirrors.jpg' (25,544)
2020-03-22 15:06:47: Copy New 'L:/Websites/MBP Current/img/covers/plague.jpg' -> 'L:/Websites/MBP backup/img/covers/plague.jpg' (25,007)
2020-03-22 15:06:47: Copy New 'L:/Websites/MBP Current/img/covers/sleepless-yule.jpg' -> 'L:/Websites/MBP backup/img/covers/sleepless-yule.jpg' (58,861)
2020-03-22 15:06:47: Copy New 'L:/Websites/MBP Current/img/covers/sleepless-yule.webp' -> 'L:/Websites/MBP backup/img/covers/sleepless-yule.webp' (15,510)
2020-03-22 15:06:47: Copy New 'L:/Websites/MBP Current/img/covers/sleepless.jpg' -> 'L:/Websites/MBP backup/img/covers/sleepless.jpg' (20,220)
2020-03-22 15:06:47: Copy New 'L:/Websites/MBP Current/img/covers/underground.jpg' -> 'L:/Websites/MBP backup/img/covers/underground.jpg' (24,609)
2020-03-22 15:06:47: Copy New 'L:/Websites/MBP Current/img/covers/underwood.jpg' -> 'L:/Websites/MBP backup/img/covers/underwood.jpg' (29,710)
2020-03-22 15:06:47: Move File L:/Websites/MBP backup/img/header/blood.webp -> L:/Websites/MBP backup/img/covers/blood.webp
2020-03-22 15:06:47: Move File L:/Websites/MBP backup/img/header/disturbing.webp -> L:/Websites/MBP backup/img/covers/disturbing.webp
2020-03-22 15:06:47: Move File L:/Websites/MBP backup/img/header/dracula.webp -> L:/Websites/MBP backup/img/covers/dracula.webp
2020-03-22 15:06:47: Move File L:/Websites/MBP backup/img/header/HoM.webp -> L:/Websites/MBP backup/img/covers/mirrors.webp
2020-03-22 15:06:47: Move File L:/Websites/MBP backup/img/header/plague.webp -> L:/Websites/MBP backup/img/covers/plague.webp
2020-03-22 15:06:47: Move File L:/Websites/MBP backup/img/header/sleepless.webp -> L:/Websites/MBP backup/img/covers/sleepless.webp
2020-03-22 15:06:47: Move File L:/Websites/MBP backup/img/header/underground.webp -> L:/Websites/MBP backup/img/covers/underground.webp
2020-03-22 15:06:47: Move File L:/Websites/MBP backup/img/header/underwood.webp -> L:/Websites/MBP backup/img/covers/underwood.webp
2020-03-22 15:06:47: Delete Folder 'L:/Websites/MBP backup/img/header'
2020-03-22 15:06:47: Copy Over 'L:/Websites/MBP Current/img/mike.jpg' -> 'L:/Websites/MBP backup/img/mike.jpg' (48,315)
2020-03-22 15:06:47: Copy Over 'L:/Websites/MBP Current/img/mike_bennett.jpg' -> 'L:/Websites/MBP backup/img/mike_bennett.jpg' (13,572)
2020-03-22 15:06:47: Copy New 'L:/Websites/MBP Current/img/mike_bennett.webp' -> 'L:/Websites/MBP backup/img/mike_bennett.webp' (6,710)
2020-03-22 15:06:47: Copy Over 'L:/Websites/MBP Current/img/patreon.jpg' -> 'L:/Websites/MBP backup/img/patreon.jpg' (9,635)
2020-03-22 15:06:47: Copy New 'L:/Websites/MBP Current/img/patreon.webp' -> 'L:/Websites/MBP backup/img/patreon.webp' (3,616)
2020-03-22 15:06:47: Copy Over 'L:/Websites/MBP Current/index.html' -> 'L:/Websites/MBP backup/index.html' (24,431)
2020-03-22 15:06:47: Copy New 'L:/Websites/MBP Current/index2.html' -> 'L:/Websites/MBP backup/index2.html' (28,854)
2020-03-22 15:06:47: Copy Over 'L:/Websites/MBP Current/js/blood-audio.js' -> 'L:/Websites/MBP backup/js/blood-audio.js' (5,719)
2020-03-22 15:06:47: Copy New 'L:/Websites/MBP Current/js/disturbed-audio.js' -> 'L:/Websites/MBP backup/js/disturbed-audio.js' (5,722)
2020-03-22 15:06:47: Copy Over 'L:/Websites/MBP Current/js/jquery.min.js' -> 'L:/Websites/MBP backup/js/jquery.min.js' (88,144)
2020-03-22 15:06:47: Copy New 'L:/Websites/MBP Current/js/lightbox-min.js' -> 'L:/Websites/MBP backup/js/lightbox-min.js' (414)
2020-03-22 15:06:47: Copy Over 'L:/Websites/MBP Current/lib/sidebar.html' -> 'L:/Websites/MBP backup/lib/sidebar.html' (3,158)
2020-03-22 15:06:47: Copy Over 'L:/Websites/MBP Current/one-among-the-sleepless.html' -> 'L:/Websites/MBP backup/one-among-the-sleepless.html' (15,574)
2020-03-22 15:06:48: Copy New 'L:/Websites/MBP Current/other-podcasts.html' -> 'L:/Websites/MBP backup/other-podcasts.html' (13,066)
2020-03-22 15:06:48: Copy New 'L:/Websites/MBP Current/underground.html' -> 'L:/Websites/MBP backup/underground.html' (12,906)
2020-03-22 15:06:48: Copy Over 'L:/Websites/MBP Current/underwood.html' -> 'L:/Websites/MBP backup/underwood.html' (15,935)
2020-03-22 15:06:48: Copy New 'L:/Websites/MBP Current/vault-of-lovecraft.html' -> 'L:/Websites/MBP backup/vault-of-lovecraft.html' (13,190)
2020-03-22 15:06:48: == Sync Complete. Time: 00:00:04, Speed: 2.05 MB/s, OK: 110, Errors: 0
2020-03-22 15:06:48: 
