2020-03-26 20:03:10: == Sync Started by User Command
2020-03-26 20:03:10: Copy Over 'L:/Websites/MBP Current/after-the-plague.html' -> 'L:/Websites/MBP backup/after-the-plague.html' (13,465)
2020-03-26 20:03:10: Copy Over 'L:/Websites/MBP Current/artwork-page-1.html' -> 'L:/Websites/MBP backup/artwork-page-1.html' (12,855)
2020-03-26 20:03:10: Copy Over 'L:/Websites/MBP Current/artwork-page-2.html' -> 'L:/Websites/MBP backup/artwork-page-2.html' (12,592)
2020-03-26 20:03:10: Copy Over 'L:/Websites/MBP Current/artwork-page-3.html' -> 'L:/Websites/MBP backup/artwork-page-3.html' (12,808)
2020-03-26 20:03:10: Copy Over 'L:/Websites/MBP Current/blood-and-smoke.html' -> 'L:/Websites/MBP backup/blood-and-smoke.html' (15,943)
2020-03-26 20:03:10: Copy Over 'L:/Websites/MBP Current/css/style.css' -> 'L:/Websites/MBP backup/css/style.css' (26,850)
2020-03-26 20:03:10: Copy Over 'L:/Websites/MBP Current/disturbing-the-devil.html' -> 'L:/Websites/MBP backup/disturbing-the-devil.html' (14,222)
2020-03-26 20:03:10: Copy Over 'L:/Websites/MBP Current/dracula.html' -> 'L:/Websites/MBP backup/dracula.html' (12,928)
2020-03-26 20:03:11: Copy Over 'L:/Websites/MBP Current/hall-of-mirrors.html' -> 'L:/Websites/MBP backup/hall-of-mirrors.html' (15,049)
2020-03-26 20:03:11: Copy New 'L:/Websites/MBP Current/img/books/after-the-plague.webp' -> 'L:/Websites/MBP backup/img/books/after-the-plague.webp' (6,894)
2020-03-26 20:03:11: Copy New 'L:/Websites/MBP Current/img/books/dracula.webp' -> 'L:/Websites/MBP backup/img/books/dracula.webp' (1,874)
2020-03-26 20:03:11: Copy New 'L:/Websites/MBP Current/img/books/hall-of-mirrors.webp' -> 'L:/Websites/MBP backup/img/books/hall-of-mirrors.webp' (10,956)
2020-03-26 20:03:11: Copy New 'L:/Websites/MBP Current/img/books/vault.jpg' -> 'L:/Websites/MBP backup/img/books/vault.jpg' (22,586)
2020-03-26 20:03:11: Copy New 'L:/Websites/MBP Current/img/books/vault.webp' -> 'L:/Websites/MBP backup/img/books/vault.webp' (7,808)
2020-03-26 20:03:11: Copy New 'L:/Websites/MBP Current/img/books/yule.jpg' -> 'L:/Websites/MBP backup/img/books/yule.jpg' (22,140)
2020-03-26 20:03:11: Copy New 'L:/Websites/MBP Current/img/books/yule.webp' -> 'L:/Websites/MBP backup/img/books/yule.webp' (25,894)
2020-03-26 20:03:11: Copy New 'L:/Websites/MBP Current/img/parsec2012.jpg' -> 'L:/Websites/MBP backup/img/parsec2012.jpg' (8,917)
2020-03-26 20:03:11: Copy New 'L:/Websites/MBP Current/img/parsec2013.jpg' -> 'L:/Websites/MBP backup/img/parsec2013.jpg' (6,212)
2020-03-26 20:03:11: Copy New 'L:/Websites/MBP Current/img/parsec2013.webp' -> 'L:/Websites/MBP backup/img/parsec2013.webp' (7,120)
2020-03-26 20:03:11: Copy New 'L:/Websites/MBP Current/img/parsec2014.jpg' -> 'L:/Websites/MBP backup/img/parsec2014.jpg' (21,194)
2020-03-26 20:03:11: Copy New 'L:/Websites/MBP Current/img/parsec2016.jpg' -> 'L:/Websites/MBP backup/img/parsec2016.jpg' (17,906)
2020-03-26 20:03:11: Copy New 'L:/Websites/MBP Current/img/parsecs.jpg' -> 'L:/Websites/MBP backup/img/parsecs.jpg' (11,716)
2020-03-26 20:03:11: Copy Over 'L:/Websites/MBP Current/index.html' -> 'L:/Websites/MBP backup/index.html' (25,809)
2020-03-26 20:03:11: Copy Over 'L:/Websites/MBP Current/one-among-the-sleepless.html' -> 'L:/Websites/MBP backup/one-among-the-sleepless.html' (15,976)
2020-03-26 20:03:12: Copy Over 'L:/Websites/MBP Current/other-podcasts.html' -> 'L:/Websites/MBP backup/other-podcasts.html' (13,198)
2020-03-26 20:03:12: Copy Over 'L:/Websites/MBP Current/underground.html' -> 'L:/Websites/MBP backup/underground.html' (13,308)
2020-03-26 20:03:12: Copy Over 'L:/Websites/MBP Current/underwood.html' -> 'L:/Websites/MBP backup/underwood.html' (16,614)
2020-03-26 20:03:12: Copy Over 'L:/Websites/MBP Current/vault-of-lovecraft.html' -> 'L:/Websites/MBP backup/vault-of-lovecraft.html' (13,850)
2020-03-26 20:03:12: == Sync Complete. Time: 00:00:02, Speed: 891.66 KB/s, OK: 28, Errors: 0
2020-03-26 20:03:12: 
